<?xml version="1.0" encoding="UTF-8"?>
<!-- Generated by org.testng.reporters.JUnitReportReporter -->
<testsuite hostname="MS-LAP-02" name="com.alignsandbox.userclass.UserSignupClass" tests="1" failures="0" timestamp="31 May 2018 06:24:19 GMT" time="105.273" errors="0">
  <testcase name="AlignSignup" time="105.273" classname="com.alignsandbox.userclass.UserSignupClass"/>
</testsuite> <!-- com.alignsandbox.userclass.UserSignupClass -->
