<?xml version="1.0" encoding="UTF-8"?>
<!-- Generated by org.testng.reporters.JUnitReportReporter -->
<testsuite hostname="LAPTOP-QJTSI0PQ" name="SalesForce.TestPages.CreateCase" tests="2" failures="0" timestamp="4 Apr 2019 07:41:48 GMT" time="176.228" errors="0">
  <testcase name="AppLaucher" time="60.688" classname="SalesForce.TestPages.CreateCase"/>
  <testcase name="CreateCase" time="115.540" classname="SalesForce.TestPages.CreateCase"/>
</testsuite> <!-- SalesForce.TestPages.CreateCase -->
