<?xml version="1.0" encoding="UTF-8"?>
<!-- Generated by org.testng.reporters.JUnitReportReporter -->
<testsuite hostname="admin-PC" name="com.redCross.usersPages.Redcrosslogin" tests="1" failures="0" timestamp="2 May 2017 07:35:43 GMT" time="18.619" errors="0">
  <testcase name="Redcrosslogincheck" time="18.619" classname="com.redCross.usersPages.Redcrosslogin"/>
</testsuite> <!-- com.redCross.usersPages.Redcrosslogin -->
