<?xml version="1.0" encoding="UTF-8"?>
<!-- Generated by org.testng.reporters.JUnitReportReporter -->
<testsuite hostname="admin-PC" name="com.stos.usersPage.LoginTest" tests="1" failures="0" timestamp="2 May 2017 05:23:09 GMT" time="3.029" errors="0">
  <testcase name="Logintest" time="3.029" classname="com.stos.usersPage.LoginTest"/>
</testsuite> <!-- com.stos.usersPage.LoginTest -->
