<?xml version="1.0" encoding="UTF-8"?>
<!-- Generated by org.testng.reporters.JUnitReportReporter -->
<testsuite hostname="MS-LAP-02" name="com.SigmaERP.testpage.CreateLotPage" tests="1" failures="0" timestamp="2 Jul 2018 12:29:10 GMT" time="21.315" errors="0">
  <testcase name="LotInitialPage" time="21.315" classname="com.SigmaERP.testpage.CreateLotPage"/>
</testsuite> <!-- com.SigmaERP.testpage.CreateLotPage -->
