<?xml version="1.0" encoding="UTF-8"?>
<!-- Generated by org.testng.reporters.JUnitReportReporter -->
<testsuite hostname="admin-PC" name="com.SigmaERP.testclass.CreateShipmentsClass" tests="1" failures="0" timestamp="21 Jul 2017 06:00:22 GMT" time="106.717" errors="0">
  <testcase name="CreateShipmentsTest" time="106.717" classname="com.SigmaERP.testclass.CreateShipmentsClass"/>
</testsuite> <!-- com.SigmaERP.testclass.CreateShipmentsClass -->
