<?xml version="1.0" encoding="UTF-8"?>
<!-- Generated by org.testng.reporters.JUnitReportReporter -->
<testsuite hostname="MS-LAP-02" name="com.alignsandbox.userclass.CreateWeeklyHuddleClass" tests="1" failures="0" timestamp="31 May 2018 06:36:45 GMT" time="182.936" errors="0">
  <testcase name="CreateWeeklyHuddleGroup" time="182.936" classname="com.alignsandbox.userclass.CreateWeeklyHuddleClass"/>
</testsuite> <!-- com.alignsandbox.userclass.CreateWeeklyHuddleClass -->
