<?xml version="1.0" encoding="UTF-8"?>
<!-- Generated by org.testng.reporters.JUnitReportReporter -->
<testsuite hostname="MS-LAP-02" name="com.cohbaines.testcases.LoginLogout" tests="1" failures="0" timestamp="4 Oct 2018 05:03:32 GMT" time="21.413" errors="0">
  <testcase name="StappLoginLogout" time="21.413" classname="com.cohbaines.testcases.LoginLogout"/>
</testsuite> <!-- com.cohbaines.testcases.LoginLogout -->
