<?xml version="1.0" encoding="UTF-8"?>
<!-- Generated by org.testng.reporters.JUnitReportReporter -->
<testsuite hostname="MS-LAP-02" name="securiTax.javaprogram.Securitaxclass" tests="1" failures="0" timestamp="15 Jun 2018 11:48:38 GMT" time="34.010" errors="0">
  <testcase name="launchBrowser" time="34.010" classname="securiTax.javaprogram.Securitaxclass"/>
</testsuite> <!-- securiTax.javaprogram.Securitaxclass -->
