<?xml version="1.0" encoding="UTF-8"?>
<!-- Generated by org.testng.reporters.JUnitReportReporter -->
<testsuite hostname="admin-PC" name="com.SigmaERP.testclass.CreateStockmovementClass" tests="1" failures="0" timestamp="17 Jul 2017 06:02:22 GMT" time="98.850" errors="0">
  <testcase name="loginPageTest" time="98.850" classname="com.SigmaERP.testclass.CreateStockmovementClass"/>
</testsuite> <!-- com.SigmaERP.testclass.CreateStockmovementClass -->
