<?xml version="1.0" encoding="UTF-8"?>
<!-- Generated by org.testng.reporters.JUnitReportReporter -->
<testsuite hostname="MS-LAP-02" name="com.jmeter.batchFile.Openjmeterbatchfile" tests="1" failures="0" timestamp="10 May 2018 09:49:57 GMT" time="0.033" errors="0">
  <testcase name="StappLoginLogout" time="0.033" classname="com.jmeter.batchFile.Openjmeterbatchfile"/>
</testsuite> <!-- com.jmeter.batchFile.Openjmeterbatchfile -->
