<?xml version="1.0" encoding="UTF-8"?>
<!-- Generated by org.testng.reporters.JUnitReportReporter -->
<testsuite hostname="admin-PC" name="com.elift.testClasses.SFDCLoginLogoutTest" tests="1" failures="0" timestamp="23 Mar 2018 11:27:20 GMT" time="22.205" errors="0">
  <testcase name="loginPageTest" time="22.205" classname="com.elift.testClasses.SFDCLoginLogoutTest"/>
</testsuite> <!-- com.elift.testClasses.SFDCLoginLogoutTest -->
