<?xml version="1.0" encoding="UTF-8"?>
<!-- Generated by org.testng.reporters.JUnitReportReporter -->
<testsuite hostname="MLDESK1" name="com.practice.testLogin" tests="1" failures="0" timestamp="14 Jun 2017 09:38:02 GMT" time="24.424" errors="0">
  <testcase name="testLoginpage" time="24.424" classname="com.practice.testLogin"/>
</testsuite> <!-- com.practice.testLogin -->
