<?xml version="1.0" encoding="UTF-8"?>
<!-- Generated by org.testng.reporters.JUnitReportReporter -->
<testsuite hostname="admin-PC" name="com.stos.usersPage.OpportunityTest" tests="1" failures="0" timestamp="9 Aug 2016 08:22:48 GMT" time="137.534" errors="0">
  <testcase name="OpportunityTest" time="137.534" classname="com.stos.usersPage.OpportunityTest"/>
</testsuite> <!-- com.stos.usersPage.OpportunityTest -->
