<?xml version="1.0" encoding="UTF-8"?>
<!-- Generated by org.testng.reporters.JUnitReportReporter -->
<testsuite hostname="WIN-I4JPGMR2MDO" name="com.dinnerLab.util.BaseClass" tests="2" failures="0" timestamp="29 Jul 2015 04:39:45 GMT" time="0.016" errors="0">
  <testcase name="teardown" time="0.000" classname="com.dinnerLab.util.BaseClass"/>
  <testcase name="launchApplication" time="0.016" classname="com.dinnerLab.util.BaseClass"/>
</testsuite> <!-- com.dinnerLab.util.BaseClass -->
