<?xml version="1.0" encoding="UTF-8"?>
<!-- Generated by org.testng.reporters.JUnitReportReporter -->
<testsuite hostname="admin-PC" name="com.cohbainies.testclasses.LoginLogout" tests="1" failures="0" timestamp="26 Mar 2018 07:52:33 GMT" time="79.239" errors="0">
  <testcase name="StappLoginLogout" time="79.239" classname="com.cohbainies.testclasses.LoginLogout"/>
</testsuite> <!-- com.cohbainies.testclasses.LoginLogout -->
