<?xml version="1.0" encoding="UTF-8"?>
<!-- Generated by org.testng.reporters.JUnitReportReporter -->
<testsuite hostname="admin-PC" name="com.stappmvp.userclass.CreateLotClass" tests="1" failures="0" timestamp="31 Jul 2017 05:03:35 GMT" time="74.196" errors="0">
  <testcase name="createlotTest" time="74.196" classname="com.stappmvp.userclass.CreateLotClass"/>
</testsuite> <!-- com.stappmvp.userclass.CreateLotClass -->
