<?xml version="1.0" encoding="UTF-8"?>
<!-- Generated by org.testng.reporters.JUnitReportReporter -->
<testsuite hostname="PC-2" name="com.dinnerLab.userTests.createUserTool" tests="1" failures="0" timestamp="12 Oct 2015 12:16:43 GMT" time="85.364" errors="0">
  <testcase name="CreateUserToolPage" time="85.364" classname="com.dinnerLab.userTests.createUserTool"/>
</testsuite> <!-- com.dinnerLab.userTests.createUserTool -->
