<?xml version="1.0" encoding="UTF-8"?>
<!-- Generated by org.testng.reporters.JUnitReportReporter -->
<testsuite hostname="MS-LAP-02" name="com.QuartzSchedulerClasses.ProductPricingTestClass" tests="1" failures="0" timestamp="18 Aug 2018 03:20:43 GMT" time="70.038" errors="0">
  <testcase name="AccountTestClass" time="70.038" classname="com.QuartzSchedulerClasses.ProductPricingTestClass"/>
</testsuite> <!-- com.QuartzSchedulerClasses.ProductPricingTestClass -->
