<?xml version="1.0" encoding="UTF-8"?>
<!-- Generated by org.testng.reporters.JUnitReportReporter -->
<testsuite hostname="LAPTOP-QJTSI0PQ" name="SalesForce.TestPages.CreateLead" tests="2" failures="0" timestamp="4 Apr 2019 10:23:00 GMT" time="180.353" errors="0">
  <testcase name="AppLaucher" time="60.749" classname="SalesForce.TestPages.CreateLead"/>
  <testcase name="CreateLead" time="119.604" classname="SalesForce.TestPages.CreateLead"/>
</testsuite> <!-- SalesForce.TestPages.CreateLead -->
