<?xml version="1.0" encoding="UTF-8"?>
<!-- Generated by org.testng.reporters.JUnitReportReporter -->
<testsuite hostname="admin-PC" name="com.SigmaERP.testclass.CreateOrderClass" tests="1" failures="0" timestamp="21 Jul 2017 10:25:23 GMT" time="113.084" errors="0">
  <testcase name="createOrderTest" time="113.084" classname="com.SigmaERP.testclass.CreateOrderClass"/>
</testsuite> <!-- com.SigmaERP.testclass.CreateOrderClass -->
