<?xml version="1.0" encoding="UTF-8"?>
<!-- Generated by org.testng.reporters.JUnitReportReporter -->
<testsuite hostname="MS-LAP-02" name="com.sigmaERP_Lightening.CreateLoginClass" tests="1" failures="0" timestamp="16 Jul 2018 12:17:05 GMT" time="117.731" errors="0">
  <testcase name="launch" time="117.731" classname="com.sigmaERP_Lightening.CreateLoginClass"/>
</testsuite> <!-- com.sigmaERP_Lightening.CreateLoginClass -->
