<?xml version="1.0" encoding="UTF-8"?>
<!-- Generated by org.testng.reporters.JUnitReportReporter -->
<testsuite hostname="admin-PC" name="com.jandk.userclass.CreateAccountTest" tests="1" failures="0" timestamp="10 Jul 2017 04:13:52 GMT" time="51.888" errors="0">
  <testcase name="CreateaccountTest" time="51.888" classname="com.jandk.userclass.CreateAccountTest"/>
</testsuite> <!-- com.jandk.userclass.CreateAccountTest -->
