<?xml version="1.0" encoding="UTF-8"?>
<!-- Generated by org.testng.reporters.JUnitReportReporter -->
<testsuite hostname="LAPTOP-QJTSI0PQ" name="com.dynamicload.SalesforceLogin" tests="1" failures="0" timestamp="29 Apr 2019 10:31:57 GMT" time="21.501" errors="0">
  <testcase name="test" time="21.501" classname="com.dynamicload.SalesforceLogin"/>
</testsuite> <!-- com.dynamicload.SalesforceLogin -->
