<?xml version="1.0" encoding="UTF-8"?>
<!-- Generated by org.testng.reporters.JUnitReportReporter -->
<testsuite hostname="MS-LAP-02" name="com.alignsandbox.userclass.UserAlignIntegrationclass" tests="5" failures="0" timestamp="31 May 2018 08:28:02 GMT" time="720.116" errors="0">
  <testcase name="CreatePriority" time="252.958" classname="com.alignsandbox.userclass.UserAlignIntegrationclass"/>
  <testcase name="CreateWeeklyHuddleGroup" time="172.552" classname="com.alignsandbox.userclass.UserAlignIntegrationclass"/>
  <testcase name="AlignSignup" time="99.106" classname="com.alignsandbox.userclass.UserAlignIntegrationclass"/>
  <testcase name="Alignlogin" time="50.205" classname="com.alignsandbox.userclass.UserAlignIntegrationclass"/>
  <testcase name="CreateDailyHuddleGroup" time="145.295" classname="com.alignsandbox.userclass.UserAlignIntegrationclass"/>
</testsuite> <!-- com.alignsandbox.userclass.UserAlignIntegrationclass -->
