<?xml version="1.0" encoding="UTF-8"?>
<!-- Generated by org.testng.reporters.JUnitReportReporter -->
<testsuite hostname="LAPTOP-QJTSI0PQ" name="com.Sigma.AccountCreation" tests="1" failures="0" timestamp="2 May 2019 12:41:39 GMT" time="147.020" errors="0">
  <testcase name="account" time="147.020" classname="com.Sigma.AccountCreation"/>
</testsuite> <!-- com.Sigma.AccountCreation -->
