<?xml version="1.0" encoding="UTF-8"?>
<!-- Generated by org.testng.reporters.JUnitReportReporter -->
<testsuite hostname="MS-LAP-02" name="com.cohbaines.testcases.StappFinancial" tests="1" failures="0" timestamp="10 May 2018 04:47:50 GMT" time="20.873" errors="0">
  <testcase name="StappFinancial" time="20.873" classname="com.cohbaines.testcases.StappFinancial"/>
</testsuite> <!-- com.cohbaines.testcases.StappFinancial -->
