<?xml version="1.0" encoding="UTF-8"?>
<!-- Generated by org.testng.reporters.JUnitReportReporter -->
<testsuite hostname="MLDESK1" name="com.practice.LoginPage" tests="1" failures="1" timestamp="14 Jun 2017 04:23:03 GMT" time="61.893" errors="0">
  <testcase name="CreateLogin" time="61.893" classname="com.practice.LoginPage">
    <failure type="org.openqa.selenium.WebDriverException" message="Failed to connect to binary FirefoxBinary(C:\Program Files\Mozilla Firefox\firefox.exe) on port 7055; process output follows: 
,&quot;e&quot;:true,&quot;v&quot;:&quot;53.0.3&quot;,&quot;st&quot;:1496144228009}},&quot;winreg-app-global&quot;:{&quot;fftoolbar2014@etech.com&quot;:{&quot;d&quot;:&quot;C:\\Users\\Administrator\\AppData\\Roaming\\Mozilla\\Firefox\\Profiles\\sqqksluj.default\\extensions\\fftoolbar2014@etech.com&quot;,&quot;e&quot;:false,&quot;v&quot;:&quot;1.0.0.1025&quot;,&quot;st&quot;:1421044677736,&quot;mt&quot;:1419850532000},&quot;faststartff@gmail.com&quot;:{&quot;d&quot;:&quot;C:\\Users\\Administrator\\AppData\\Roaming\\Mozilla\\Firefox\\Profiles\\sqqksluj.default\\extensions\\faststartff@gmail.com&quot;,&quot;e&quot;:false,&quot;v&quot;:&quot;4.3.0&quot;,&quot;st&quot;:1421044691243,&quot;mt&quot;:1404988398000},&quot;fiddlerhook@fiddler2.com&quot;:{&quot;d&quot;:&quot;C:\\Program Files\\Fiddler2\\FiddlerHook&quot;,&quot;e&quot;:false,&quot;v&quot;:&quot;2.4.9.7&quot;,&quot;st&quot;:1421418488317,&quot;mt&quot;:1416625068000}}}
1497414138648	addons.xpi	DEBUG	No changes found
1497414138658	addons.xpi	DEBUG	Registering manifest for C:\Program Files\Mozilla Firefox\browser\features\aushelper@mozilla.org.xpi
1497414138658	addons.xpi	DEBUG	Loading bootstrap scope from C:\Program Files\Mozilla Firefox\browser\features\aushelper@mozilla.org.xpi
1497414138665	addons.xpi	DEBUG	Calling bootstrap method startup on aushelper@mozilla.org version 2.0
1497414138666	addons.xpi	DEBUG	Registering manifest for C:\Program Files\Mozilla Firefox\browser\features\e10srollout@mozilla.org.xpi
1497414138667	addons.xpi	DEBUG	Loading bootstrap scope from C:\Program Files\Mozilla Firefox\browser\features\e10srollout@mozilla.org.xpi
1497414138670	addons.xpi	DEBUG	Calling bootstrap method startup on e10srollout@mozilla.org version 1.14
1497414138671	addons.xpi	DEBUG	Registering manifest for C:\Program Files\Mozilla Firefox\browser\features\firefox@getpocket.com.xpi
1497414138672	addons.xpi	DEBUG	Loading bootstrap scope from C:\Program Files\Mozilla Firefox\browser\features\firefox@getpocket.com.xpi
1497414138677	addons.xpi	DEBUG	Calling bootstrap method startup on firefox@getpocket.com version 1.0.5
1497414138685	addons.xpi-utils	DEBUG	Starting async load of XPI database C:\Users\ADMINI~1\AppData\Local\Temp\anonymous630698068082855974webdriver-profile\extensions.json
1497414138686	addons.xpi	DEBUG	Registering manifest for C:\Program Files\Mozilla Firefox\browser\features\webcompat@mozilla.org.xpi
1497414138687	addons.xpi	DEBUG	Loading bootstrap scope from C:\Program Files\Mozilla Firefox\browser\features\webcompat@mozilla.org.xpi
1497414138690	addons.xpi	DEBUG	Calling bootstrap method startup on webcompat@mozilla.org version 1.0
1497414138693	addons.manager	DEBUG	Registering shutdown blocker for XPIProvider
1497414138693	addons.manager	DEBUG	Provider finished startup: XPIProvider
1497414138693	addons.manager	DEBUG	Starting provider: LightweightThemeManager
1497414138693	addons.manager	DEBUG	Registering shutdown blocker for LightweightThemeManager
1497414138693	addons.manager	DEBUG	Provider finished startup: LightweightThemeManager
1497414138694	addons.manager	DEBUG	Starting provider: GMPProvider
1497414138699	addons.manager	DEBUG	Registering shutdown blocker for GMPProvider
1497414138700	addons.manager	DEBUG	Provider finished startup: GMPProvider
1497414138700	addons.manager	DEBUG	Starting provider: PluginProvider
1497414138700	addons.manager	DEBUG	Registering shutdown blocker for PluginProvider
1497414138700	addons.manager	DEBUG	Provider finished startup: PluginProvider
1497414138701	addons.manager	DEBUG	Completed startup sequence
1497414138964	addons.xpi-utils	DEBUG	Async JSON file read took 0 MS
1497414138964	addons.xpi-utils	DEBUG	Finished async read of XPI database, parsing...
1497414138968	addons.xpi-utils	DEBUG	Successfully read XPI database
1497414138984	addons.manager	DEBUG	Starting provider: &lt;unnamed-provider&gt;
1497414138984	addons.manager	DEBUG	Registering shutdown blocker for &lt;unnamed-provider&gt;
1497414138984	addons.manager	DEBUG	Provider finished startup: &lt;unnamed-provider&gt;
*** Blocklist::_loadBlocklistFromFile: blocklist is disabled
1497414139123	addons.manager	DEBUG	Starting provider: PreviousExperimentProvider
1497414139123	addons.manager	DEBUG	Registering shutdown blocker for PreviousExperimentProvider
1497414139123	addons.manager	DEBUG	Provider finished startup: PreviousExperimentProvider

Build info: version: &#039;2.44.0&#039;, revision: &#039;76d78cf&#039;, time: &#039;2014-10-23 20:03:00&#039;
System info: host: &#039;MLDESK1&#039;, ip: &#039;192.168.1.19&#039;, os.name: &#039;Windows 7&#039;, os.arch: &#039;x86&#039;, os.version: &#039;6.1&#039;, java.version: &#039;1.8.0_111&#039;
Driver info: driver.version: FirefoxDriver">
      <![CDATA[org.openqa.selenium.WebDriverException: Failed to connect to binary FirefoxBinary(C:\Program Files\Mozilla Firefox\firefox.exe) on port 7055; process output follows: 
,"e":true,"v":"53.0.3","st":1496144228009}},"winreg-app-global":{"fftoolbar2014@etech.com":{"d":"C:\\Users\\Administrator\\AppData\\Roaming\\Mozilla\\Firefox\\Profiles\\sqqksluj.default\\extensions\\fftoolbar2014@etech.com","e":false,"v":"1.0.0.1025","st":1421044677736,"mt":1419850532000},"faststartff@gmail.com":{"d":"C:\\Users\\Administrator\\AppData\\Roaming\\Mozilla\\Firefox\\Profiles\\sqqksluj.default\\extensions\\faststartff@gmail.com","e":false,"v":"4.3.0","st":1421044691243,"mt":1404988398000},"fiddlerhook@fiddler2.com":{"d":"C:\\Program Files\\Fiddler2\\FiddlerHook","e":false,"v":"2.4.9.7","st":1421418488317,"mt":1416625068000}}}
1497414138648	addons.xpi	DEBUG	No changes found
1497414138658	addons.xpi	DEBUG	Registering manifest for C:\Program Files\Mozilla Firefox\browser\features\aushelper@mozilla.org.xpi
1497414138658	addons.xpi	DEBUG	Loading bootstrap scope from C:\Program Files\Mozilla Firefox\browser\features\aushelper@mozilla.org.xpi
1497414138665	addons.xpi	DEBUG	Calling bootstrap method startup on aushelper@mozilla.org version 2.0
1497414138666	addons.xpi	DEBUG	Registering manifest for C:\Program Files\Mozilla Firefox\browser\features\e10srollout@mozilla.org.xpi
1497414138667	addons.xpi	DEBUG	Loading bootstrap scope from C:\Program Files\Mozilla Firefox\browser\features\e10srollout@mozilla.org.xpi
1497414138670	addons.xpi	DEBUG	Calling bootstrap method startup on e10srollout@mozilla.org version 1.14
1497414138671	addons.xpi	DEBUG	Registering manifest for C:\Program Files\Mozilla Firefox\browser\features\firefox@getpocket.com.xpi
1497414138672	addons.xpi	DEBUG	Loading bootstrap scope from C:\Program Files\Mozilla Firefox\browser\features\firefox@getpocket.com.xpi
1497414138677	addons.xpi	DEBUG	Calling bootstrap method startup on firefox@getpocket.com version 1.0.5
1497414138685	addons.xpi-utils	DEBUG	Starting async load of XPI database C:\Users\ADMINI~1\AppData\Local\Temp\anonymous630698068082855974webdriver-profile\extensions.json
1497414138686	addons.xpi	DEBUG	Registering manifest for C:\Program Files\Mozilla Firefox\browser\features\webcompat@mozilla.org.xpi
1497414138687	addons.xpi	DEBUG	Loading bootstrap scope from C:\Program Files\Mozilla Firefox\browser\features\webcompat@mozilla.org.xpi
1497414138690	addons.xpi	DEBUG	Calling bootstrap method startup on webcompat@mozilla.org version 1.0
1497414138693	addons.manager	DEBUG	Registering shutdown blocker for XPIProvider
1497414138693	addons.manager	DEBUG	Provider finished startup: XPIProvider
1497414138693	addons.manager	DEBUG	Starting provider: LightweightThemeManager
1497414138693	addons.manager	DEBUG	Registering shutdown blocker for LightweightThemeManager
1497414138693	addons.manager	DEBUG	Provider finished startup: LightweightThemeManager
1497414138694	addons.manager	DEBUG	Starting provider: GMPProvider
1497414138699	addons.manager	DEBUG	Registering shutdown blocker for GMPProvider
1497414138700	addons.manager	DEBUG	Provider finished startup: GMPProvider
1497414138700	addons.manager	DEBUG	Starting provider: PluginProvider
1497414138700	addons.manager	DEBUG	Registering shutdown blocker for PluginProvider
1497414138700	addons.manager	DEBUG	Provider finished startup: PluginProvider
1497414138701	addons.manager	DEBUG	Completed startup sequence
1497414138964	addons.xpi-utils	DEBUG	Async JSON file read took 0 MS
1497414138964	addons.xpi-utils	DEBUG	Finished async read of XPI database, parsing...
1497414138968	addons.xpi-utils	DEBUG	Successfully read XPI database
1497414138984	addons.manager	DEBUG	Starting provider: <unnamed-provider>
1497414138984	addons.manager	DEBUG	Registering shutdown blocker for <unnamed-provider>
1497414138984	addons.manager	DEBUG	Provider finished startup: <unnamed-provider>
*** Blocklist::_loadBlocklistFromFile: blocklist is disabled
1497414139123	addons.manager	DEBUG	Starting provider: PreviousExperimentProvider
1497414139123	addons.manager	DEBUG	Registering shutdown blocker for PreviousExperimentProvider
1497414139123	addons.manager	DEBUG	Provider finished startup: PreviousExperimentProvider

Build info: version: '2.44.0', revision: '76d78cf', time: '2014-10-23 20:03:00'
System info: host: 'MLDESK1', ip: '192.168.1.19', os.name: 'Windows 7', os.arch: 'x86', os.version: '6.1', java.version: '1.8.0_111'
Driver info: driver.version: FirefoxDriver
	at org.openqa.selenium.firefox.internal.NewProfileExtensionConnection.start(NewProfileExtensionConnection.java:130)
	at org.openqa.selenium.firefox.FirefoxDriver.startClient(FirefoxDriver.java:246)
	at org.openqa.selenium.remote.RemoteWebDriver.<init>(RemoteWebDriver.java:114)
	at org.openqa.selenium.firefox.FirefoxDriver.<init>(FirefoxDriver.java:193)
	at org.openqa.selenium.firefox.FirefoxDriver.<init>(FirefoxDriver.java:186)
	at org.openqa.selenium.firefox.FirefoxDriver.<init>(FirefoxDriver.java:182)
	at org.openqa.selenium.firefox.FirefoxDriver.<init>(FirefoxDriver.java:95)
	at com.practice.LoginPage.CreateLogin(LoginPage.java:14)
	at sun.reflect.NativeMethodAccessorImpl.invoke0(Native Method)
	at sun.reflect.NativeMethodAccessorImpl.invoke(Unknown Source)
	at sun.reflect.DelegatingMethodAccessorImpl.invoke(Unknown Source)
	at java.lang.reflect.Method.invoke(Unknown Source)
	at org.testng.internal.MethodInvocationHelper.invokeMethod(MethodInvocationHelper.java:84)
	at org.testng.internal.Invoker.invokeMethod(Invoker.java:714)
	at org.testng.internal.Invoker.invokeTestMethod(Invoker.java:901)
	at org.testng.internal.Invoker.invokeTestMethods(Invoker.java:1231)
	at org.testng.internal.TestMethodWorker.invokeTestMethods(TestMethodWorker.java:127)
	at org.testng.internal.TestMethodWorker.run(TestMethodWorker.java:111)
	at org.testng.TestRunner.privateRun(TestRunner.java:767)
	at org.testng.TestRunner.run(TestRunner.java:617)
	at org.testng.SuiteRunner.runTest(SuiteRunner.java:334)
	at org.testng.SuiteRunner.runSequentially(SuiteRunner.java:329)
	at org.testng.SuiteRunner.privateRun(SuiteRunner.java:291)
	at org.testng.SuiteRunner.run(SuiteRunner.java:240)
	at org.testng.SuiteRunnerWorker.runSuite(SuiteRunnerWorker.java:52)
	at org.testng.SuiteRunnerWorker.run(SuiteRunnerWorker.java:86)
	at org.testng.TestNG.runSuitesSequentially(TestNG.java:1224)
	at org.testng.TestNG.runSuitesLocally(TestNG.java:1149)
	at org.testng.TestNG.run(TestNG.java:1057)
	at org.testng.remote.AbstractRemoteTestNG.run(AbstractRemoteTestNG.java:132)
	at org.testng.remote.RemoteTestNG.initAndRun(RemoteTestNG.java:230)
	at org.testng.remote.RemoteTestNG.main(RemoteTestNG.java:76)
Caused by: org.openqa.selenium.firefox.NotConnectedException: Unable to connect to host 127.0.0.1 on port 7055 after 45000 ms. Firefox console output:
,"e":true,"v":"53.0.3","st":1496144228009}},"winreg-app-global":{"fftoolbar2014@etech.com":{"d":"C:\\Users\\Administrator\\AppData\\Roaming\\Mozilla\\Firefox\\Profiles\\sqqksluj.default\\extensions\\fftoolbar2014@etech.com","e":false,"v":"1.0.0.1025","st":1421044677736,"mt":1419850532000},"faststartff@gmail.com":{"d":"C:\\Users\\Administrator\\AppData\\Roaming\\Mozilla\\Firefox\\Profiles\\sqqksluj.default\\extensions\\faststartff@gmail.com","e":false,"v":"4.3.0","st":1421044691243,"mt":1404988398000},"fiddlerhook@fiddler2.com":{"d":"C:\\Program Files\\Fiddler2\\FiddlerHook","e":false,"v":"2.4.9.7","st":1421418488317,"mt":1416625068000}}}
1497414138648	addons.xpi	DEBUG	No changes found
1497414138658	addons.xpi	DEBUG	Registering manifest for C:\Program Files\Mozilla Firefox\browser\features\aushelper@mozilla.org.xpi
1497414138658	addons.xpi	DEBUG	Loading bootstrap scope from C:\Program Files\Mozilla Firefox\browser\features\aushelper@mozilla.org.xpi
1497414138665	addons.xpi	DEBUG	Calling bootstrap method startup on aushelper@mozilla.org version 2.0
1497414138666	addons.xpi	DEBUG	Registering manifest for C:\Program Files\Mozilla Firefox\browser\features\e10srollout@mozilla.org.xpi
1497414138667	addons.xpi	DEBUG	Loading bootstrap scope from C:\Program Files\Mozilla Firefox\browser\features\e10srollout@mozilla.org.xpi
1497414138670	addons.xpi	DEBUG	Calling bootstrap method startup on e10srollout@mozilla.org version 1.14
1497414138671	addons.xpi	DEBUG	Registering manifest for C:\Program Files\Mozilla Firefox\browser\features\firefox@getpocket.com.xpi
1497414138672	addons.xpi	DEBUG	Loading bootstrap scope from C:\Program Files\Mozilla Firefox\browser\features\firefox@getpocket.com.xpi
1497414138677	addons.xpi	DEBUG	Calling bootstrap method startup on firefox@getpocket.com version 1.0.5
1497414138685	addons.xpi-utils	DEBUG	Starting async load of XPI database C:\Users\ADMINI~1\AppData\Local\Temp\anonymous630698068082855974webdriver-profile\extensions.json
1497414138686	addons.xpi	DEBUG	Registering manifest for C:\Program Files\Mozilla Firefox\browser\features\webcompat@mozilla.org.xpi
1497414138687	addons.xpi	DEBUG	Loading bootstrap scope from C:\Program Files\Mozilla Firefox\browser\features\webcompat@mozilla.org.xpi
1497414138690	addons.xpi	DEBUG	Calling bootstrap method startup on webcompat@mozilla.org version 1.0
1497414138693	addons.manager	DEBUG	Registering shutdown blocker for XPIProvider
1497414138693	addons.manager	DEBUG	Provider finished startup: XPIProvider
1497414138693	addons.manager	DEBUG	Starting provider: LightweightThemeManager
1497414138693	addons.manager	DEBUG	Registering shutdown blocker for LightweightThemeManager
1497414138693	addons.manager	DEBUG	Provider finished startup: LightweightThemeManager
1497414138694	addons.manager	DEBUG	Starting provider: GMPProvider
1497414138699	addons.manager	DEBUG	Registering shutdown blocker for GMPProvider
1497414138700	addons.manager	DEBUG	Provider finished startup: GMPProvider
1497414138700	addons.manager	DEBUG	Starting provider: PluginProvider
1497414138700	addons.manager	DEBUG	Registering shutdown blocker for PluginProvider
1497414138700	addons.manager	DEBUG	Provider finished startup: PluginProvider
1497414138701	addons.manager	DEBUG	Completed startup sequence
1497414138964	addons.xpi-utils	DEBUG	Async JSON file read took 0 MS
1497414138964	addons.xpi-utils	DEBUG	Finished async read of XPI database, parsing...
1497414138968	addons.xpi-utils	DEBUG	Successfully read XPI database
1497414138984	addons.manager	DEBUG	Starting provider: <unnamed-provider>
1497414138984	addons.manager	DEBUG	Registering shutdown blocker for <unnamed-provider>
1497414138984	addons.manager	DEBUG	Provider finished startup: <unnamed-provider>
*** Blocklist::_loadBlocklistFromFile: blocklist is disabled
1497414139123	addons.manager	DEBUG	Starting provider: PreviousExperimentProvider
1497414139123	addons.manager	DEBUG	Registering shutdown blocker for PreviousExperimentProvider
1497414139123	addons.manager	DEBUG	Provider finished startup: PreviousExperimentProvider

	at org.openqa.selenium.firefox.internal.NewProfileExtensionConnection.start(NewProfileExtensionConnection.java:118)
	... 31 more
]]>
    </failure>
  </testcase> <!-- CreateLogin -->
</testsuite> <!-- com.practice.LoginPage -->
