<?xml version="1.0" encoding="UTF-8"?>
<!-- Generated by org.testng.reporters.JUnitReportReporter -->
<testsuite hostname="MS-LAP-02" name="com.quicksolar.userclass.Userloginlogoutclass" tests="1" failures="0" timestamp="29 Jun 2018 12:25:23 GMT" time="218.191" errors="0">
  <testcase name="loginPageTest" time="218.191" classname="com.quicksolar.userclass.Userloginlogoutclass"/>
</testsuite> <!-- com.quicksolar.userclass.Userloginlogoutclass -->
