<?xml version="1.0" encoding="UTF-8"?>
<!-- Generated by org.testng.reporters.JUnitReportReporter -->
<testsuite hostname="MS-LAP-02" name="com.cohbaines.testcases.ProductTestClass" tests="1" failures="0" timestamp="19 Aug 2018 19:31:37 GMT" time="196.189" errors="0">
  <testcase name="ProductTestClass" time="196.189" classname="com.cohbaines.testcases.ProductTestClass"/>
</testsuite> <!-- com.cohbaines.testcases.ProductTestClass -->
