<?xml version="1.0" encoding="UTF-8"?>
<!-- Generated by org.testng.reporters.JUnitReportReporter -->
<testsuite hostname="LAPTOP-QJTSI0PQ" name="com.dynamicload.AccountCreation" tests="1" failures="0" timestamp="3 May 2019 05:15:55 GMT" time="148.255" errors="0">
  <testcase name="account" time="148.255" classname="com.dynamicload.AccountCreation"/>
</testsuite> <!-- com.dynamicload.AccountCreation -->
