<?xml version="1.0" encoding="UTF-8"?>
<!-- Generated by org.testng.reporters.JUnitReportReporter -->
<testsuite hostname="admin-PC" name="com.SigmaERP.testclass.Userloginlogoutclass" tests="1" failures="0" timestamp="3 Apr 2018 03:54:30 GMT" time="11.175" errors="0">
  <testcase name="loginPageTest" time="11.175" classname="com.SigmaERP.testclass.Userloginlogoutclass"/>
</testsuite> <!-- com.SigmaERP.testclass.Userloginlogoutclass -->
