<?xml version="1.0" encoding="UTF-8"?>
<!-- Generated by org.testng.reporters.JUnitReportReporter -->
<testsuite hostname="MS-LAP-02" name="com.alignsandbox.userclass.CreatePrioritiesClass" tests="1" failures="0" timestamp="31 May 2018 08:15:21 GMT" time="237.977" errors="0">
  <testcase name="CreatePriority" time="237.977" classname="com.alignsandbox.userclass.CreatePrioritiesClass"/>
</testsuite> <!-- com.alignsandbox.userclass.CreatePrioritiesClass -->
