<?xml version="1.0" encoding="UTF-8"?>
<!-- Generated by org.testng.reporters.JUnitReportReporter -->
<testsuite hostname="admin-PC" name="com.autoparts.userclass.CreateQuotationPartsTest" tests="1" failures="0" timestamp="19 Jun 2017 06:38:57 GMT" time="71.836" errors="0">
  <testcase name="CreateQuotationPartsTest" time="71.836" classname="com.autoparts.userclass.CreateQuotationPartsTest"/>
</testsuite> <!-- com.autoparts.userclass.CreateQuotationPartsTest -->
