<?xml version="1.0" encoding="UTF-8"?>
<!-- Generated by org.testng.reporters.JUnitReportReporter -->
<testsuite hostname="PC-2" name="com.dinnerLab.userTests.ReferralThroughInviteLinkTest" tests="1" failures="0" timestamp="29 Sep 2015 10:27:51 GMT" time="25.821" errors="0">
  <testcase name="referralThroughInviteLinkSignUpTest" time="25.821" classname="com.dinnerLab.userTests.ReferralThroughInviteLinkTest"/>
</testsuite> <!-- com.dinnerLab.userTests.ReferralThroughInviteLinkTest -->
