<?xml version="1.0" encoding="UTF-8"?>
<!-- Generated by org.testng.reporters.JUnitReportReporter -->
<testsuite hostname="MS-LAP-02" name="com.cohbaines.testcases.ProductTestClass1" tests="1" failures="0" timestamp="4 Oct 2018 05:06:18 GMT" time="41.660" errors="0">
  <testcase name="ProductTestClass" time="41.660" classname="com.cohbaines.testcases.ProductTestClass1"/>
</testsuite> <!-- com.cohbaines.testcases.ProductTestClass1 -->
