<?xml version="1.0" encoding="UTF-8"?>
<!-- Generated by org.testng.reporters.JUnitReportReporter -->
<testsuite hostname="admin-PC" name="com.cohbainies.testclasses.CreateVendorClass" tests="1" failures="0" timestamp="29 Mar 2018 10:13:08 GMT" time="7.809" errors="0">
  <testcase name="StappCreateVendorClass" time="7.809" classname="com.cohbainies.testclasses.CreateVendorClass"/>
</testsuite> <!-- com.cohbainies.testclasses.CreateVendorClass -->
