<?xml version="1.0" encoding="UTF-8"?>
<!-- Generated by org.testng.reporters.JUnitReportReporter -->
<testsuite hostname="admin-PC" name="com.jandk.userclass.CreateDimensionTagTest" tests="1" failures="0" timestamp="11 Jul 2017 10:32:15 GMT" time="177.133" errors="0">
  <testcase name="CreateproductTest" time="177.133" classname="com.jandk.userclass.CreateDimensionTagTest"/>
</testsuite> <!-- com.jandk.userclass.CreateDimensionTagTest -->
