<?xml version="1.0" encoding="UTF-8"?>
<!-- Generated by org.testng.reporters.JUnitReportReporter -->
<testsuite hostname="admin-PC" name="com.stappmvp.userclass.CreateInventoryLocationClass" tests="1" failures="0" timestamp="31 Jul 2017 05:02:08 GMT" time="57.215" errors="0">
  <testcase name="CreateInventoryLocationClassTest" time="57.215" classname="com.stappmvp.userclass.CreateInventoryLocationClass"/>
</testsuite> <!-- com.stappmvp.userclass.CreateInventoryLocationClass -->
