<?xml version="1.0" encoding="UTF-8"?>
<!-- Generated by org.testng.reporters.JUnitReportReporter -->
<testsuite hostname="admin-PC" name="com.dinnerLab.adminTests.DinnerCallTest" tests="1" failures="0" timestamp="13 May 2016 07:32:59 GMT" time="52.993" errors="0">
  <testcase name="AccountPageTest" time="52.993" classname="com.dinnerLab.adminTests.DinnerCallTest"/>
</testsuite> <!-- com.dinnerLab.adminTests.DinnerCallTest -->
