<?xml version="1.0" encoding="UTF-8"?>
<!-- Generated by org.testng.reporters.JUnitReportReporter -->
<testsuite hostname="LAPTOP-QJTSI0PQ" name="com.Sigma.GenericCode" tests="1" failures="0" timestamp="5 Apr 2019 05:45:47 GMT" time="92.659" errors="0">
  <testcase name="account" time="92.659" classname="com.Sigma.GenericCode"/>
</testsuite> <!-- com.Sigma.GenericCode -->
