<?xml version="1.0" encoding="UTF-8"?>
<!-- Generated by org.testng.reporters.JUnitReportReporter -->
<testsuite hostname="admin-PC" name="com.SigmaERP.testclass.CreatePackageClass" tests="1" failures="0" timestamp="24 Jul 2017 05:05:19 GMT" time="110.496" errors="0">
  <testcase name="CreatePackageTest" time="110.496" classname="com.SigmaERP.testclass.CreatePackageClass"/>
</testsuite> <!-- com.SigmaERP.testclass.CreatePackageClass -->
