<?xml version="1.0" encoding="UTF-8"?>
<!-- Generated by org.testng.reporters.JUnitReportReporter -->
<testsuite hostname="admin-PC" name="com.elift.testClasses.CreateEditOrdersTest" tests="1" failures="0" timestamp="20 Jul 2017 06:25:04 GMT" time="51.755" errors="0">
  <testcase name="createNewOrdersTest" time="51.755" classname="com.elift.testClasses.CreateEditOrdersTest"/>
</testsuite> <!-- com.elift.testClasses.CreateEditOrdersTest -->
