<?xml version="1.0" encoding="UTF-8"?>
<!-- Generated by org.testng.reporters.JUnitReportReporter -->
<testsuite hostname="MS-LAP-02" name="com.QuartzSchedulerClasses.ProductTestClass" tests="1" failures="0" timestamp="20 Aug 2018 02:59:31 GMT" time="277.197" errors="0">
  <testcase name="ProductTestClass" time="277.197" classname="com.QuartzSchedulerClasses.ProductTestClass"/>
</testsuite> <!-- com.QuartzSchedulerClasses.ProductTestClass -->
