<?xml version="1.0" encoding="UTF-8"?>
<!-- Generated by org.testng.reporters.JUnitReportReporter -->
<testsuite hostname="MS-LAP-02" name="com.align.userclass.UserAlignIntegrationclassdemo2" tests="4" failures="0" timestamp="15 Nov 2018 05:05:07 GMT" time="247.443" errors="0">
  <testcase name="CreateWeeklyHuddleGroup" time="54.363" classname="com.align.userclass.UserAlignIntegrationclassdemo2"/>
  <testcase name="CreatePriority" time="87.176" classname="com.align.userclass.UserAlignIntegrationclassdemo2"/>
  <testcase name="Alignlogin" time="51.651" classname="com.align.userclass.UserAlignIntegrationclassdemo2"/>
  <testcase name="CreateDailyHuddleGroup" time="54.253" classname="com.align.userclass.UserAlignIntegrationclassdemo2"/>
</testsuite> <!-- com.align.userclass.UserAlignIntegrationclassdemo2 -->
