<?xml version="1.0" encoding="UTF-8"?>
<!-- Generated by org.testng.reporters.JUnitReportReporter -->
<testsuite hostname="MS-LAP-02" name="com.alignsandbox.userclass.Userloginlogoutclass" tests="2" failures="0" timestamp="2 May 2018 10:27:00 GMT" time="170.261" errors="0">
  <testcase name="AlignSignup" time="101.464" classname="com.alignsandbox.userclass.Userloginlogoutclass"/>
  <testcase name="Alignlogin" time="68.797" classname="com.alignsandbox.userclass.Userloginlogoutclass"/>
</testsuite> <!-- com.alignsandbox.userclass.Userloginlogoutclass -->
