<?xml version="1.0" encoding="UTF-8"?>
<!-- Generated by org.testng.reporters.JUnitReportReporter -->
<testsuite hostname="admin-PC" name="com.autoparts.userclass.CreateOrderTest" tests="1" failures="0" timestamp="16 Jun 2017 07:22:53 GMT" time="91.474" errors="0">
  <testcase name="CreateOrderTest" time="91.474" classname="com.autoparts.userclass.CreateOrderTest"/>
</testsuite> <!-- com.autoparts.userclass.CreateOrderTest -->
