<?xml version="1.0" encoding="UTF-8"?>
<!-- Generated by org.testng.reporters.JUnitReportReporter -->
<testsuite hostname="admin-PC" name="com.autoparts.userclass.CreateEditQuotationTest" tests="1" failures="0" timestamp="8 Jul 2017 05:20:32 GMT" time="57.908" errors="0">
  <testcase name="createEditQuotationTest" time="57.908" classname="com.autoparts.userclass.CreateEditQuotationTest"/>
</testsuite> <!-- com.autoparts.userclass.CreateEditQuotationTest -->
