<?xml version="1.0" encoding="UTF-8"?>
<!-- Generated by org.testng.reporters.JUnitReportReporter -->
<testsuite hostname="admin-PC" name="com.autoparts.userclass.UserLoginLogoutClass" tests="1" failures="0" timestamp="17 Jun 2017 08:50:52 GMT" time="145.651" errors="0">
  <testcase name="loginPageTest" time="145.651" classname="com.autoparts.userclass.UserLoginLogoutClass"/>
</testsuite> <!-- com.autoparts.userclass.UserLoginLogoutClass -->
