<?xml version="1.0" encoding="UTF-8"?>
<!-- Generated by org.testng.reporters.JUnitReportReporter -->
<testsuite hostname="MS-LAP-02" name="com.cohbaines.testcases.AccountTestClass" tests="1" failures="0" timestamp="4 Oct 2018 05:04:31 GMT" time="44.237" errors="0">
  <testcase name="AccountTestClass" time="44.237" classname="com.cohbaines.testcases.AccountTestClass"/>
</testsuite> <!-- com.cohbaines.testcases.AccountTestClass -->
