<?xml version="1.0" encoding="UTF-8"?>
<!-- Generated by org.testng.reporters.JUnitReportReporter -->
<testsuite hostname="MS-LAP-02" name="com.alignsandbox.userclass.UserLoginClass" tests="1" failures="0" timestamp="31 May 2018 06:26:35 GMT" time="9.112" errors="0">
  <testcase name="Alignlogin" time="9.112" classname="com.alignsandbox.userclass.UserLoginClass"/>
</testsuite> <!-- com.alignsandbox.userclass.UserLoginClass -->
