<?xml version="1.0" encoding="UTF-8"?>
<!-- Generated by org.testng.reporters.JUnitReportReporter -->
<testsuite hostname="admin-PC" name="com.stappmvp.userclass.CreateVendorClass" tests="1" failures="0" timestamp="31 Jul 2017 05:00:47 GMT" time="67.624" errors="0">
  <testcase name="CreateVendorTest" time="67.624" classname="com.stappmvp.userclass.CreateVendorClass"/>
</testsuite> <!-- com.stappmvp.userclass.CreateVendorClass -->
