<?xml version="1.0" encoding="UTF-8"?>
<!-- Generated by org.testng.reporters.JUnitReportReporter -->
<testsuite hostname="MS-LAP-02" name="com.alignsandbox.userclass.CreateDailyHuddleClass" tests="1" failures="0" timestamp="31 May 2018 13:45:37 GMT" time="160.173" errors="0">
  <testcase name="CreateDailyHuddleGroup" time="160.173" classname="com.alignsandbox.userclass.CreateDailyHuddleClass"/>
</testsuite> <!-- com.alignsandbox.userclass.CreateDailyHuddleClass -->
