<?xml version="1.0" encoding="UTF-8"?>
<!-- Generated by org.testng.reporters.JUnitReportReporter -->
<testsuite hostname="admin-PC" name="com.jandk.userclass.CreateProductTest" tests="1" failures="0" timestamp="10 Jul 2017 04:16:19 GMT" time="90.859" errors="0">
  <testcase name="CreateproductTest" time="90.859" classname="com.jandk.userclass.CreateProductTest"/>
</testsuite> <!-- com.jandk.userclass.CreateProductTest -->
