<?xml version="1.0" encoding="UTF-8"?>
<!-- Generated by org.testng.reporters.JUnitReportReporter -->
<testsuite hostname="admin-PC" name="com.stappmvp.userclass.CreateProductClass" tests="1" failures="0" timestamp="31 Jul 2017 04:59:21 GMT" time="72.883" errors="0">
  <testcase name="CreateProductTest" time="72.883" classname="com.stappmvp.userclass.CreateProductClass"/>
</testsuite> <!-- com.stappmvp.userclass.CreateProductClass -->
