<?xml version="1.0" encoding="UTF-8"?>
<!-- Generated by org.testng.reporters.JUnitReportReporter -->
<testsuite hostname="MS-LAP-02" name="com.SigmaERP.testclass.CreateLotClass" tests="1" failures="0" timestamp="3 Jul 2018 02:33:54 GMT" time="165.755" errors="0">
  <testcase name="creationoflotStocreceiving" time="165.755" classname="com.SigmaERP.testclass.CreateLotClass"/>
</testsuite> <!-- com.SigmaERP.testclass.CreateLotClass -->
